  Graphics Project.cpp
c:\users\ghostt\desktop\graphics\graphics project\graphics project\graphics project.cpp(191): warning C4018: '<': signed/unsigned mismatch
c:\users\ghostt\desktop\graphics\graphics project\graphics project\graphics project.cpp(201): warning C4018: '<': signed/unsigned mismatch
c:\users\ghostt\desktop\graphics\graphics project\graphics project\graphics project.cpp(245): warning C4244: 'argument': conversion from 'double' to 'int', possible loss of data
c:\users\ghostt\desktop\graphics\graphics project\graphics project\graphics project.cpp(262): warning C4244: 'argument': conversion from 'double' to 'int', possible loss of data
c:\users\ghostt\desktop\graphics\graphics project\graphics project\graphics project.cpp(277): warning C4244: 'argument': conversion from 'double' to 'int', possible loss of data
c:\users\ghostt\desktop\graphics\graphics project\graphics project\graphics project.cpp(354): warning C4244: 'argument': conversion from 'double' to 'int', possible loss of data
c:\users\ghostt\desktop\graphics\graphics project\graphics project\graphics project.cpp(371): warning C4244: 'argument': conversion from 'double' to 'int', possible loss of data
c:\users\ghostt\desktop\graphics\graphics project\graphics project\graphics project.cpp(379): warning C4244: 'argument': conversion from 'double' to 'int', possible loss of data
c:\users\ghostt\desktop\graphics\graphics project\graphics project\graphics project.cpp(386): warning C4244: 'argument': conversion from 'double' to 'int', possible loss of data
c:\users\ghostt\desktop\graphics\graphics project\graphics project\graphics project.cpp(392): warning C4244: 'initializing': conversion from 'double' to 'int', possible loss of data
c:\users\ghostt\desktop\graphics\graphics project\graphics project\graphics project.cpp(393): warning C4244: 'initializing': conversion from 'double' to 'int', possible loss of data
c:\users\ghostt\desktop\graphics\graphics project\graphics project\graphics project.cpp(395): warning C4244: 'initializing': conversion from 'double' to 'int', possible loss of data
c:\users\ghostt\desktop\graphics\graphics project\graphics project\graphics project.cpp(476): warning C4244: '=': conversion from 'double' to 'int', possible loss of data
c:\users\ghostt\desktop\graphics\graphics project\graphics project\graphics project.cpp(492): warning C4244: '=': conversion from 'double' to 'int', possible loss of data
c:\users\ghostt\desktop\graphics\graphics project\graphics project\graphics project.cpp(523): warning C4244: 'argument': conversion from 'double' to 'int', possible loss of data
c:\users\ghostt\desktop\graphics\graphics project\graphics project\graphics project.cpp(527): warning C4244: 'initializing': conversion from 'double' to 'int', possible loss of data
c:\users\ghostt\desktop\graphics\graphics project\graphics project\graphics project.cpp(530): warning C4244: 'argument': conversion from 'double' to 'int', possible loss of data
c:\users\ghostt\desktop\graphics\graphics project\graphics project\graphics project.cpp(545): warning C4244: 'argument': conversion from 'double' to 'int', possible loss of data
c:\users\ghostt\desktop\graphics\graphics project\graphics project\graphics project.cpp(549): warning C4244: 'initializing': conversion from 'double' to 'int', possible loss of data
c:\users\ghostt\desktop\graphics\graphics project\graphics project\graphics project.cpp(552): warning C4244: 'argument': conversion from 'double' to 'int', possible loss of data
c:\users\ghostt\desktop\graphics\graphics project\graphics project\graphics project.cpp(593): warning C4244: '=': conversion from 'double' to 'int', possible loss of data
c:\users\ghostt\desktop\graphics\graphics project\graphics project\graphics project.cpp(596): warning C4244: '=': conversion from 'double' to 'int', possible loss of data
c:\users\ghostt\desktop\graphics\graphics project\graphics project\graphics project.cpp(652): warning C4838: conversion from 'int' to 'double' requires a narrowing conversion
c:\users\ghostt\desktop\graphics\graphics project\graphics project\graphics project.cpp(653): warning C4838: conversion from 'int' to 'double' requires a narrowing conversion
c:\users\ghostt\desktop\graphics\graphics project\graphics project\graphics project.cpp(666): warning C4244: 'argument': conversion from 'double' to 'int', possible loss of data
c:\users\ghostt\desktop\graphics\graphics project\graphics project\graphics project.cpp(681): warning C4244: 'argument': conversion from 'double' to 'int', possible loss of data
c:\users\ghostt\desktop\graphics\graphics project\graphics project\graphics project.cpp(716): warning C4244: 'argument': conversion from 'double' to 'int', possible loss of data
c:\users\ghostt\desktop\graphics\graphics project\graphics project\graphics project.cpp(719): warning C4244: 'argument': conversion from 'double' to 'int', possible loss of data
c:\users\ghostt\desktop\graphics\graphics project\graphics project\graphics project.cpp(728): warning C4018: '<': signed/unsigned mismatch
c:\users\ghostt\desktop\graphics\graphics project\graphics project\graphics project.cpp(752): warning C4018: '<': signed/unsigned mismatch
c:\users\ghostt\desktop\graphics\graphics project\graphics project\graphics project.cpp(737): warning C4101: 'c': unreferenced local variable
c:\users\ghostt\desktop\graphics\graphics project\graphics project\graphics project.cpp(197): warning C4715: 'GetType': not all control paths return a value
  Graphics Project.vcxproj -> C:\Users\ghostt\Desktop\Graphics\Graphics Project\Debug\Graphics Project.exe
  Graphics Project.vcxproj -> C:\Users\ghostt\Desktop\Graphics\Graphics Project\Debug\Graphics Project.pdb (Full PDB)
